Using pre-set license
Built from '2020.3/staging' branch; Version is '2020.3.22f1 (e1a7f79fd887) revision 14788599'; Using compiler version '192528614'; Build Type 'Release'
OS: 'Windows 10 Pro; OS build 19043.1415; Version 2009; 64bit' Language: 'en' Physical Memory: 7983 MB
BatchMode: 1, IsHumanControllingUs: 0, StartBugReporterOnCrash: 0, Is64bit: 1, IsPro: 0

COMMAND LINE ARGUMENTS:
C:\Program Files\Unity\Hub\Editor\2020.3.22f1\Editor\Unity.exe
-adb2
-batchMode
-noUpm
-name
AssetImportWorker0
-projectPath
D:/cs222/Lab2-n/Lab2-main/Lab2_5
-logFile
Logs/AssetImportWorker0.log
-srvPort
50471
Successfully changed project path to: D:/cs222/Lab2-n/Lab2-main/Lab2_5
D:/cs222/Lab2-n/Lab2-main/Lab2_5
Using Asset Import Pipeline V2.
Refreshing native plugins compatible for Editor in 67.09 ms, found 2 plugins.
Preloading 0 native plugins for Editor in 0.00 ms.
Initialize engine version: 2020.3.22f1 (e1a7f79fd887)
[Subsystems] Discovering subsystems at path C:/Program Files/Unity/Hub/Editor/2020.3.22f1/Editor/Data/Resources/UnitySubsystems
[Subsystems] Discovering subsystems at path D:/cs222/Lab2-n/Lab2-main/Lab2_5/Assets
GfxDevice: creating device client; threaded=0
Direct3D:
    Version:  Direct3D 11.0 [level 11.0]
    Renderer: NVIDIA GeForce GTX 950M (ID=0x139a)
    Vendor:   
    VRAM:     2010 MB
    Driver:   30.0.14.9676
Initialize mono
Mono path[0] = 'C:/Program Files/Unity/Hub/Editor/2020.3.22f1/Editor/Data/Managed'
Mono path[1] = 'C:/Program Files/Unity/Hub/Editor/2020.3.22f1/Editor/Data/MonoBleedingEdge/lib/mono/unityjit'
Mono config path = 'C:/Program Files/Unity/Hub/Editor/2020.3.22f1/Editor/Data/MonoBleedingEdge/etc'
Using monoOptions --debugger-agent=transport=dt_socket,embedding=1,server=y,suspend=n,address=127.0.0.1:56144
Begin MonoManager ReloadAssembly
Registering precompiled unity dll's ...
Register platform support module: C:/Program Files/Unity/Hub/Editor/2020.3.22f1/Editor/Data/PlaybackEngines/WebGLSupport/UnityEditor.WebGL.Extensions.dll
Register platform support module: C:/Program Files/Unity/Hub/Editor/2020.3.22f1/Editor/Data/PlaybackEngines/WindowsStandaloneSupport/UnityEditor.WindowsStandalone.Extensions.dll
Registered in 0.002846 seconds.
Native extension for WindowsStandalone target not found
Native extension for WebGL target not found
Refreshing native plugins compatible for Editor in 69.35 ms, found 2 plugins.
Preloading 0 native plugins for Editor in 0.00 ms.
Mono: successfully reloaded assembly
- Completed reload, in  2.632 seconds
Domain Reload Profiling:
	ReloadAssembly (2632ms)
		BeginReloadAssembly (98ms)
			ExecutionOrderSort (0ms)
			DisableScriptedObjects (0ms)
			BackupInstance (0ms)
			ReleaseScriptingObjects (0ms)
			CreateAndSetChildDomain (1ms)
		EndReloadAssembly (603ms)
			LoadAssemblies (93ms)
			RebuildTransferFunctionScriptingTraits (0ms)
			SetupTypeCache (201ms)
			ReleaseScriptCaches (0ms)
			RebuildScriptCaches (45ms)
			SetupLoadedEditorAssemblies (234ms)
				LogAssemblyErrors (0ms)
				InitializePlatformSupportModulesInManaged (8ms)
				SetLoadedEditorAssemblies (0ms)
				RefreshPlugins (69ms)
				BeforeProcessingInitializeOnLoad (10ms)
				ProcessInitializeOnLoadAttributes (105ms)
				ProcessInitializeOnLoadMethodAttributes (41ms)
				AfterProcessingInitializeOnLoad (0ms)
				EditorAssembliesLoaded (0ms)
			ExecutionOrderSort2 (0ms)
			AwakeInstancesAfterBackupRestoration (0ms)
Platform modules already initialized, skipping
Registering precompiled user dll's ...
Registered in 0.004909 seconds.
Begin MonoManager ReloadAssembly
Native extension for WindowsStandalone target not found
Native extension for WebGL target not found
Refreshing native plugins compatible for Editor in 66.67 ms, found 2 plugins.
Preloading 0 native plugins for Editor in 0.00 ms.
Mono: successfully reloaded assembly
- Completed reload, in  1.514 seconds
Domain Reload Profiling:
	ReloadAssembly (1515ms)
		BeginReloadAssembly (186ms)
			ExecutionOrderSort (0ms)
			DisableScriptedObjects (7ms)
			BackupInstance (0ms)
			ReleaseScriptingObjects (0ms)
			CreateAndSetChildDomain (23ms)
		EndReloadAssembly (1231ms)
			LoadAssemblies (125ms)
			RebuildTransferFunctionScriptingTraits (0ms)
			SetupTypeCache (444ms)
			ReleaseScriptCaches (1ms)
			RebuildScriptCaches (57ms)
			SetupLoadedEditorAssemblies (446ms)
				LogAssemblyErrors (0ms)
				InitializePlatformSupportModulesInManaged (9ms)
				SetLoadedEditorAssemblies (0ms)
				RefreshPlugins (67ms)
				BeforeProcessingInitializeOnLoad (88ms)
				ProcessInitializeOnLoadAttributes (261ms)
				ProcessInitializeOnLoadMethodAttributes (11ms)
				AfterProcessingInitializeOnLoad (9ms)
				EditorAssembliesLoaded (0ms)
			ExecutionOrderSort2 (0ms)
			AwakeInstancesAfterBackupRestoration (9ms)
Platform modules already initialized, skipping
========================================================================
Worker process is ready to serve import requests
Launched and connected shader compiler UnityShaderCompiler.exe after 0.14 seconds
Refreshing native plugins compatible for Editor in 1.06 ms, found 2 plugins.
Preloading 0 native plugins for Editor in 0.00 ms.
Unloading 2939 Unused Serialized files (Serialized files now loaded: 0)
System memory in use before: 138.1 MB.
System memory in use after: 138.3 MB.

Unloading 20 unused Assets to reduce memory usage. Loaded Objects now: 3384.
Total: 4.742900 ms (FindLiveObjects: 0.274900 ms CreateObjectMapping: 0.139800 ms MarkObjects: 4.153000 ms  DeleteObjects: 0.154700 ms)

AssetImportParameters requested are different than current active one (requested -> active):
  custom:framework-win-MediaFoundation: 216162199b28c13a410421893ffa2e32 -> 
  custom:video-decoder-ogg-theora: a1e56fd34408186e4bbccfd4996cb3dc -> 
  custom:container-muxer-webm: aa71ff27fc2769a1b78a27578f13a17b -> 
  custom:container-demuxer-webm: 4f35f7cbe854078d1ac9338744f61a02 -> 
  custom:container-demuxer-ogg: 62fdf1f143b41e24485cea50d1cbac27 -> 
  custom:video-encoder-webm-vp8: eb34c28f22e8b96e1ab97ce403110664 -> 
  custom:video-decoder-webm-vp8: 9c59270c3fd7afecdb556c50c9e8de78 -> 
  custom:audio-decoder-ogg-vorbis: bf7c407c2cedff20999df2af8eb42d56 -> 
  custom:audio-encoder-webm-vorbis: bf7c407c2cedff20999df2af8eb42d56 -> 
========================================================================
Received Import Request.
  path: Assets/Stylized Environnement - Free Pack/PPP.asset
  artifactKey: Guid(07d475369b47b413fad896a658b53062) Importer(815301076,1909f56bfc062723c751e8b465ee728b)
Start importing Assets/Stylized Environnement - Free Pack/PPP.asset using Guid(07d475369b47b413fad896a658b53062) Importer(815301076,1909f56bfc062723c751e8b465ee728b)  -> (artifact id: 'fec2650d6d39ff13f383e43d07182ab0') in 0.049545 seconds 
  Import took 0.055250 seconds .

========================================================================
Received Import Request.
  Time since last request: 0.000497 seconds.
  path: Assets/Stylized Environnement - Free Pack
  artifactKey: Guid(7dcf04c6c416ae1488b7dd9141737706) Importer(815301076,1909f56bfc062723c751e8b465ee728b)
Start importing Assets/Stylized Environnement - Free Pack using Guid(7dcf04c6c416ae1488b7dd9141737706) Importer(815301076,1909f56bfc062723c751e8b465ee728b)  -> (artifact id: 'bb83863276b650f1f2601a391ba6c6ad') in 0.012708 seconds 
  Import took 0.019674 seconds .

========================================================================
Received Import Request.
  Time since last request: 28.140732 seconds.
  path: Assets/My Shader/depthWater/depthWater.mat
  artifactKey: Guid(215000a1035e20746b47b06fc1843868) Importer(815301076,1909f56bfc062723c751e8b465ee728b)
Start importing Assets/My Shader/depthWater/depthWater.mat using Guid(215000a1035e20746b47b06fc1843868) Importer(815301076,1909f56bfc062723c751e8b465ee728b)  -> (artifact id: '441c258814a813ecccc2647ac181821b') in 0.290097 seconds 
  Import took 0.296457 seconds .

========================================================================
Received Import Request.
  Time since last request: 0.746744 seconds.
  path: Assets/My Shader/depthWater/depthWater.shadergraph
  artifactKey: Guid(608771af4ecb7c442907744ef88d4226) Importer(815301076,1909f56bfc062723c751e8b465ee728b)
Start importing Assets/My Shader/depthWater/depthWater.shadergraph using Guid(608771af4ecb7c442907744ef88d4226) Importer(815301076,1909f56bfc062723c751e8b465ee728b)  -> (artifact id: '9b852095b5b034002ac288b825257b92') in 0.004886 seconds 
  Import took 0.015357 seconds .

========================================================================
Received Import Request.
  Time since last request: 11.055265 seconds.
  path: Assets/My Shader/Movement/Movement.shadergraph
  artifactKey: Guid(aeb1d84099ba04740a17fff24bfea92d) Importer(815301076,1909f56bfc062723c751e8b465ee728b)
Start importing Assets/My Shader/Movement/Movement.shadergraph using Guid(aeb1d84099ba04740a17fff24bfea92d) Importer(815301076,1909f56bfc062723c751e8b465ee728b)  -> (artifact id: '10d2f9a54bab2d809ff125ea179efc29') in 0.008459 seconds 
  Import took 0.015830 seconds .

========================================================================
Received Import Request.
  Time since last request: 3.613546 seconds.
  path: Assets/My Shader/Water2color/water2colors.shadergraph
  artifactKey: Guid(15b2e96c76e4c884bb93f3fe9fcc193b) Importer(815301076,1909f56bfc062723c751e8b465ee728b)
Start importing Assets/My Shader/Water2color/water2colors.shadergraph using Guid(15b2e96c76e4c884bb93f3fe9fcc193b) Importer(815301076,1909f56bfc062723c751e8b465ee728b)  -> (artifact id: 'e190f6a494e5844ca14a5d798a454e64') in 0.010078 seconds 
  Import took 0.018804 seconds .

========================================================================
Received Import Request.
  Time since last request: 10.357338 seconds.
  path: Assets/My Shader/Water2colorMovement.shadergraph
  artifactKey: Guid(5ab4ddcc17fb72e48b192f7a1ebb8325) Importer(815301076,1909f56bfc062723c751e8b465ee728b)
Start importing Assets/My Shader/Water2colorMovement.shadergraph using Guid(5ab4ddcc17fb72e48b192f7a1ebb8325) Importer(815301076,1909f56bfc062723c751e8b465ee728b)  -> (artifact id: '135b08efd0b9d1b8081f2b8089e3121a') in 0.007813 seconds 
  Import took 0.018769 seconds .

========================================================================
Received Import Request.
  Time since last request: 9.308412 seconds.
  path: Assets/My Shader/Form.shadergraph
  artifactKey: Guid(bdb20b0b1d986ee49a17981cbe1bb822) Importer(815301076,1909f56bfc062723c751e8b465ee728b)
Start importing Assets/My Shader/Form.shadergraph using Guid(bdb20b0b1d986ee49a17981cbe1bb822) Importer(815301076,1909f56bfc062723c751e8b465ee728b)  -> (artifact id: 'd16f0e822dcaa14ca3bc43ef4b2f6111') in 0.007268 seconds 
  Import took 0.012749 seconds .

========================================================================
Received Prepare
Refreshing native plugins compatible for Editor in 10.34 ms, found 2 plugins.
Preloading 0 native plugins for Editor in 0.00 ms.
Unloading 13 Unused Serialized files (Serialized files now loaded: 0)
System memory in use before: 79.7 MB.
System memory in use after: 79.9 MB.

Unloading 13 unused Assets to reduce memory usage. Loaded Objects now: 3490.
Total: 6.649600 ms (FindLiveObjects: 0.425300 ms CreateObjectMapping: 0.185700 ms MarkObjects: 6.004200 ms  DeleteObjects: 0.032800 ms)

AssetImportParameters requested are different than current active one (requested -> active):
  custom:framework-win-MediaFoundation: 216162199b28c13a410421893ffa2e32 -> 
  custom:video-decoder-ogg-theora: a1e56fd34408186e4bbccfd4996cb3dc -> 
  custom:container-muxer-webm: aa71ff27fc2769a1b78a27578f13a17b -> 
  custom:container-demuxer-webm: 4f35f7cbe854078d1ac9338744f61a02 -> 
  custom:container-demuxer-ogg: 62fdf1f143b41e24485cea50d1cbac27 -> 
  custom:video-encoder-webm-vp8: eb34c28f22e8b96e1ab97ce403110664 -> 
  custom:video-decoder-webm-vp8: 9c59270c3fd7afecdb556c50c9e8de78 -> 
  custom:audio-decoder-ogg-vorbis: bf7c407c2cedff20999df2af8eb42d56 -> 
  custom:audio-encoder-webm-vorbis: bf7c407c2cedff20999df2af8eb42d56 -> 
========================================================================
Received Prepare
Registering precompiled user dll's ...
Registered in 0.009416 seconds.
Begin MonoManager ReloadAssembly
Native extension for WindowsStandalone target not found
Native extension for WebGL target not found
Refreshing native plugins compatible for Editor in 0.93 ms, found 2 plugins.
Preloading 0 native plugins for Editor in 0.00 ms.
Mono: successfully reloaded assembly
- Completed reload, in  1.716 seconds
Domain Reload Profiling:
	ReloadAssembly (1717ms)
		BeginReloadAssembly (179ms)
			ExecutionOrderSort (0ms)
			DisableScriptedObjects (8ms)
			BackupInstance (0ms)
			ReleaseScriptingObjects (0ms)
			CreateAndSetChildDomain (46ms)
		EndReloadAssembly (1458ms)
			LoadAssemblies (134ms)
			RebuildTransferFunctionScriptingTraits (0ms)
			SetupTypeCache (430ms)
			ReleaseScriptCaches (2ms)
			RebuildScriptCaches (84ms)
			SetupLoadedEditorAssemblies (585ms)
				LogAssemblyErrors (0ms)
				InitializePlatformSupportModulesInManaged (8ms)
				SetLoadedEditorAssemblies (1ms)
				RefreshPlugins (1ms)
				BeforeProcessingInitializeOnLoad (127ms)
				ProcessInitializeOnLoadAttributes (419ms)
				ProcessInitializeOnLoadMethodAttributes (18ms)
				AfterProcessingInitializeOnLoad (10ms)
				EditorAssembliesLoaded (0ms)
			ExecutionOrderSort2 (0ms)
			AwakeInstancesAfterBackupRestoration (29ms)
Platform modules already initialized, skipping
Refreshing native plugins compatible for Editor in 0.76 ms, found 2 plugins.
Preloading 0 native plugins for Editor in 0.00 ms.
Unloading 2823 Unused Serialized files (Serialized files now loaded: 0)
System memory in use before: 135.7 MB.
System memory in use after: 135.9 MB.

Unloading 15 unused Assets to reduce memory usage. Loaded Objects now: 3465.
Total: 7.562600 ms (FindLiveObjects: 0.536300 ms CreateObjectMapping: 0.292300 ms MarkObjects: 6.696600 ms  DeleteObjects: 0.035700 ms)

AssetImportParameters requested are different than current active one (requested -> active):
  custom:framework-win-MediaFoundation: 216162199b28c13a410421893ffa2e32 -> 
  custom:video-decoder-ogg-theora: a1e56fd34408186e4bbccfd4996cb3dc -> 
  custom:container-muxer-webm: aa71ff27fc2769a1b78a27578f13a17b -> 
  custom:container-demuxer-webm: 4f35f7cbe854078d1ac9338744f61a02 -> 
  custom:container-demuxer-ogg: 62fdf1f143b41e24485cea50d1cbac27 -> 
  custom:video-encoder-webm-vp8: eb34c28f22e8b96e1ab97ce403110664 -> 
  custom:video-decoder-webm-vp8: 9c59270c3fd7afecdb556c50c9e8de78 -> 
  custom:audio-decoder-ogg-vorbis: bf7c407c2cedff20999df2af8eb42d56 -> 
  custom:audio-encoder-webm-vorbis: bf7c407c2cedff20999df2af8eb42d56 -> 
========================================================================
Received Import Request.
  Time since last request: 290.536861 seconds.
  path: Assets/My Shader/depthWater/depthWater.shadersubgraph
  artifactKey: Guid(fb32546f281695d4689e24f56c4a30a4) Importer(815301076,1909f56bfc062723c751e8b465ee728b)
Start importing Assets/My Shader/depthWater/depthWater.shadersubgraph using Guid(fb32546f281695d4689e24f56c4a30a4) Importer(815301076,1909f56bfc062723c751e8b465ee728b)  -> (artifact id: 'bce30a60624db66b309eb37c807d3499') in 0.055439 seconds 
  Import took 0.063534 seconds .

========================================================================
Received Prepare
Registering precompiled user dll's ...
Registered in 0.005919 seconds.
Begin MonoManager ReloadAssembly
Native extension for WindowsStandalone target not found
Native extension for WebGL target not found
Refreshing native plugins compatible for Editor in 0.84 ms, found 2 plugins.
Preloading 0 native plugins for Editor in 0.00 ms.
Mono: successfully reloaded assembly
- Completed reload, in  1.326 seconds
Domain Reload Profiling:
	ReloadAssembly (1326ms)
		BeginReloadAssembly (155ms)
			ExecutionOrderSort (0ms)
			DisableScriptedObjects (9ms)
			BackupInstance (0ms)
			ReleaseScriptingObjects (0ms)
			CreateAndSetChildDomain (49ms)
		EndReloadAssembly (1078ms)
			LoadAssemblies (123ms)
			RebuildTransferFunctionScriptingTraits (0ms)
			SetupTypeCache (391ms)
			ReleaseScriptCaches (1ms)
			RebuildScriptCaches (49ms)
			SetupLoadedEditorAssemblies (348ms)
				LogAssemblyErrors (0ms)
				InitializePlatformSupportModulesInManaged (5ms)
				SetLoadedEditorAssemblies (1ms)
				RefreshPlugins (1ms)
				BeforeProcessingInitializeOnLoad (73ms)
				ProcessInitializeOnLoadAttributes (250ms)
				ProcessInitializeOnLoadMethodAttributes (10ms)
				AfterProcessingInitializeOnLoad (8ms)
				EditorAssembliesLoaded (0ms)
			ExecutionOrderSort2 (0ms)
			AwakeInstancesAfterBackupRestoration (19ms)
Platform modules already initialized, skipping
Refreshing native plugins compatible for Editor in 0.58 ms, found 2 plugins.
Preloading 0 native plugins for Editor in 0.00 ms.
Unloading 2823 Unused Serialized files (Serialized files now loaded: 0)
System memory in use before: 135.8 MB.
System memory in use after: 136.0 MB.

Unloading 15 unused Assets to reduce memory usage. Loaded Objects now: 3467.
Total: 4.457100 ms (FindLiveObjects: 0.302200 ms CreateObjectMapping: 0.146400 ms MarkObjects: 3.966400 ms  DeleteObjects: 0.040700 ms)

AssetImportParameters requested are different than current active one (requested -> active):
  custom:framework-win-MediaFoundation: 216162199b28c13a410421893ffa2e32 -> 
  custom:video-decoder-ogg-theora: a1e56fd34408186e4bbccfd4996cb3dc -> 
  custom:container-muxer-webm: aa71ff27fc2769a1b78a27578f13a17b -> 
  custom:container-demuxer-webm: 4f35f7cbe854078d1ac9338744f61a02 -> 
  custom:container-demuxer-ogg: 62fdf1f143b41e24485cea50d1cbac27 -> 
  custom:video-encoder-webm-vp8: eb34c28f22e8b96e1ab97ce403110664 -> 
  custom:video-decoder-webm-vp8: 9c59270c3fd7afecdb556c50c9e8de78 -> 
  custom:audio-decoder-ogg-vorbis: bf7c407c2cedff20999df2af8eb42d56 -> 
  custom:audio-encoder-webm-vorbis: bf7c407c2cedff20999df2af8eb42d56 -> 
========================================================================
Received Import Request.
  Time since last request: 136.230718 seconds.
  path: Assets/theboss@Rumba Dancing.fbx
  artifactKey: Guid(b87d29e1569b69745aa26ddbd38a4d1f) Importer(815301076,1909f56bfc062723c751e8b465ee728b)
Start importing Assets/theboss@Rumba Dancing.fbx using Guid(b87d29e1569b69745aa26ddbd38a4d1f) Importer(815301076,1909f56bfc062723c751e8b465ee728b)  -> (artifact id: 'f2e15a637f79eb6802b4257429f20fc3') in 0.478221 seconds 
  Import took 0.485146 seconds .

========================================================================
Received Import Request.
  Time since last request: 68.668518 seconds.
  path: Assets/theboss@Rumba Dancing.fbx
  artifactKey: Guid(b87d29e1569b69745aa26ddbd38a4d1f) Importer(815301076,1909f56bfc062723c751e8b465ee728b)
Start importing Assets/theboss@Rumba Dancing.fbx using Guid(b87d29e1569b69745aa26ddbd38a4d1f) Importer(815301076,1909f56bfc062723c751e8b465ee728b)  -> (artifact id: '9d2e462570cdbfa268733c62f15424b3') in 0.192690 seconds 
  Import took 0.200617 seconds .

========================================================================
Received Prepare
Registering precompiled user dll's ...
Registered in 0.004825 seconds.
Begin MonoManager ReloadAssembly
Native extension for WindowsStandalone target not found
Native extension for WebGL target not found
Refreshing native plugins compatible for Editor in 0.57 ms, found 2 plugins.
Preloading 0 native plugins for Editor in 0.00 ms.
Mono: successfully reloaded assembly
- Completed reload, in  1.271 seconds
Domain Reload Profiling:
	ReloadAssembly (1271ms)
		BeginReloadAssembly (135ms)
			ExecutionOrderSort (0ms)
			DisableScriptedObjects (7ms)
			BackupInstance (0ms)
			ReleaseScriptingObjects (0ms)
			CreateAndSetChildDomain (45ms)
		EndReloadAssembly (1068ms)
			LoadAssemblies (102ms)
			RebuildTransferFunctionScriptingTraits (0ms)
			SetupTypeCache (378ms)
			ReleaseScriptCaches (1ms)
			RebuildScriptCaches (60ms)
			SetupLoadedEditorAssemblies (354ms)
				LogAssemblyErrors (0ms)
				InitializePlatformSupportModulesInManaged (6ms)
				SetLoadedEditorAssemblies (0ms)
				RefreshPlugins (1ms)
				BeforeProcessingInitializeOnLoad (81ms)
				ProcessInitializeOnLoadAttributes (248ms)
				ProcessInitializeOnLoadMethodAttributes (9ms)
				AfterProcessingInitializeOnLoad (8ms)
				EditorAssembliesLoaded (0ms)
			ExecutionOrderSort2 (0ms)
			AwakeInstancesAfterBackupRestoration (17ms)
Platform modules already initialized, skipping
Refreshing native plugins compatible for Editor in 0.60 ms, found 2 plugins.
Preloading 0 native plugins for Editor in 0.00 ms.
Unloading 2823 Unused Serialized files (Serialized files now loaded: 0)
System memory in use before: 149.7 MB.
System memory in use after: 149.9 MB.

Unloading 15 unused Assets to reduce memory usage. Loaded Objects now: 3509.
Total: 4.065700 ms (FindLiveObjects: 0.339800 ms CreateObjectMapping: 0.170500 ms MarkObjects: 3.485800 ms  DeleteObjects: 0.069000 ms)

AssetImportParameters requested are different than current active one (requested -> active):
  custom:framework-win-MediaFoundation: 216162199b28c13a410421893ffa2e32 -> 
  custom:video-decoder-ogg-theora: a1e56fd34408186e4bbccfd4996cb3dc -> 
  custom:container-muxer-webm: aa71ff27fc2769a1b78a27578f13a17b -> 
  custom:container-demuxer-webm: 4f35f7cbe854078d1ac9338744f61a02 -> 
  custom:container-demuxer-ogg: 62fdf1f143b41e24485cea50d1cbac27 -> 
  custom:video-encoder-webm-vp8: eb34c28f22e8b96e1ab97ce403110664 -> 
  custom:video-decoder-webm-vp8: 9c59270c3fd7afecdb556c50c9e8de78 -> 
  custom:audio-decoder-ogg-vorbis: bf7c407c2cedff20999df2af8eb42d56 -> 
  custom:audio-encoder-webm-vorbis: bf7c407c2cedff20999df2af8eb42d56 -> 
========================================================================
Received Import Request.
  Time since last request: 71.336465 seconds.
  path: Assets/theboss@Rumba Dancing.fbx
  artifactKey: Guid(b87d29e1569b69745aa26ddbd38a4d1f) Importer(815301076,1909f56bfc062723c751e8b465ee728b)
Start importing Assets/theboss@Rumba Dancing.fbx using Guid(b87d29e1569b69745aa26ddbd38a4d1f) Importer(815301076,1909f56bfc062723c751e8b465ee728b)  -> (artifact id: 'a82ffb3d5fe831090c281497cb0eb945') in 0.337976 seconds 
  Import took 0.346110 seconds .

========================================================================
Received Prepare
Registering precompiled user dll's ...
Registered in 0.004847 seconds.
Begin MonoManager ReloadAssembly
Native extension for WindowsStandalone target not found
Native extension for WebGL target not found
Refreshing native plugins compatible for Editor in 1.06 ms, found 2 plugins.
Preloading 0 native plugins for Editor in 0.00 ms.
Mono: successfully reloaded assembly
- Completed reload, in  1.400 seconds
Domain Reload Profiling:
	ReloadAssembly (1400ms)
		BeginReloadAssembly (144ms)
			ExecutionOrderSort (0ms)
			DisableScriptedObjects (9ms)
			BackupInstance (0ms)
			ReleaseScriptingObjects (0ms)
			CreateAndSetChildDomain (51ms)
		EndReloadAssembly (1184ms)
			LoadAssemblies (106ms)
			RebuildTransferFunctionScriptingTraits (0ms)
			SetupTypeCache (443ms)
			ReleaseScriptCaches (2ms)
			RebuildScriptCaches (59ms)
			SetupLoadedEditorAssemblies (396ms)
				LogAssemblyErrors (0ms)
				InitializePlatformSupportModulesInManaged (6ms)
				SetLoadedEditorAssemblies (1ms)
				RefreshPlugins (1ms)
				BeforeProcessingInitializeOnLoad (91ms)
				ProcessInitializeOnLoadAttributes (280ms)
				ProcessInitializeOnLoadMethodAttributes (10ms)
				AfterProcessingInitializeOnLoad (7ms)
				EditorAssembliesLoaded (0ms)
			ExecutionOrderSort2 (0ms)
			AwakeInstancesAfterBackupRestoration (19ms)
Platform modules already initialized, skipping
Refreshing native plugins compatible for Editor in 0.89 ms, found 2 plugins.
Preloading 0 native plugins for Editor in 0.00 ms.
Unloading 2823 Unused Serialized files (Serialized files now loaded: 0)
System memory in use before: 149.8 MB.
System memory in use after: 150.1 MB.

Unloading 15 unused Assets to reduce memory usage. Loaded Objects now: 3547.
Total: 5.403300 ms (FindLiveObjects: 0.543400 ms CreateObjectMapping: 0.220400 ms MarkObjects: 4.587800 ms  DeleteObjects: 0.050300 ms)

AssetImportParameters requested are different than current active one (requested -> active):
  custom:framework-win-MediaFoundation: 216162199b28c13a410421893ffa2e32 -> 
  custom:video-decoder-ogg-theora: a1e56fd34408186e4bbccfd4996cb3dc -> 
  custom:container-muxer-webm: aa71ff27fc2769a1b78a27578f13a17b -> 
  custom:container-demuxer-webm: 4f35f7cbe854078d1ac9338744f61a02 -> 
  custom:container-demuxer-ogg: 62fdf1f143b41e24485cea50d1cbac27 -> 
  custom:video-encoder-webm-vp8: eb34c28f22e8b96e1ab97ce403110664 -> 
  custom:video-decoder-webm-vp8: 9c59270c3fd7afecdb556c50c9e8de78 -> 
  custom:audio-decoder-ogg-vorbis: bf7c407c2cedff20999df2af8eb42d56 -> 
  custom:audio-encoder-webm-vorbis: bf7c407c2cedff20999df2af8eb42d56 -> 
========================================================================
Received Import Request.
  Time since last request: 64.644139 seconds.
  path: Assets/New Animation.anim
  artifactKey: Guid(5e79ae757f02a194d9a05008a3f58911) Importer(815301076,1909f56bfc062723c751e8b465ee728b)
Start importing Assets/New Animation.anim using Guid(5e79ae757f02a194d9a05008a3f58911) Importer(815301076,1909f56bfc062723c751e8b465ee728b)  -> (artifact id: 'c88e8c012de2ba1794398f53d35d9a2f') in 0.041115 seconds 
  Import took 0.054925 seconds .

========================================================================
Received Import Request.
  Time since last request: 25.382628 seconds.
  path: Assets/New Animator Override Controller.overrideController
  artifactKey: Guid(1646e4ef6653ee947b7d47e65458f3ad) Importer(815301076,1909f56bfc062723c751e8b465ee728b)
Start importing Assets/New Animator Override Controller.overrideController using Guid(1646e4ef6653ee947b7d47e65458f3ad) Importer(815301076,1909f56bfc062723c751e8b465ee728b)  -> (artifact id: '612e22828f7cc7e606d1be16958c94bd') in 0.014940 seconds 
  Import took 0.025230 seconds .

========================================================================
Received Import Request.
  Time since last request: 3.690121 seconds.
  path: Assets/My Shader/Form.shadersubgraph
  artifactKey: Guid(4985451779caaaf4fa3f2e36048fe6d7) Importer(815301076,1909f56bfc062723c751e8b465ee728b)
Start importing Assets/My Shader/Form.shadersubgraph using Guid(4985451779caaaf4fa3f2e36048fe6d7) Importer(815301076,1909f56bfc062723c751e8b465ee728b)  -> (artifact id: '43e33f0575d3acd70b44da7179a17b8f') in 0.010045 seconds 
  Import took 0.018089 seconds .

========================================================================
Received Import Request.
  Time since last request: 29.204863 seconds.
  path: Assets/New Animator Controller.controller
  artifactKey: Guid(8238ceb6ae667a948820b126f4c61d3e) Importer(815301076,1909f56bfc062723c751e8b465ee728b)
Start importing Assets/New Animator Controller.controller using Guid(8238ceb6ae667a948820b126f4c61d3e) Importer(815301076,1909f56bfc062723c751e8b465ee728b)  -> (artifact id: '91147bd27b3f700a06ceff29abca3c22') in 0.012223 seconds 
  Import took 0.020313 seconds .

========================================================================
Received Prepare
Registering precompiled user dll's ...
Registered in 0.010489 seconds.
Begin MonoManager ReloadAssembly
Native extension for WindowsStandalone target not found
Native extension for WebGL target not found
Refreshing native plugins compatible for Editor in 0.62 ms, found 2 plugins.
Preloading 0 native plugins for Editor in 0.00 ms.
Mono: successfully reloaded assembly
- Completed reload, in  1.398 seconds
Domain Reload Profiling:
	ReloadAssembly (1398ms)
		BeginReloadAssembly (129ms)
			ExecutionOrderSort (0ms)
			DisableScriptedObjects (6ms)
			BackupInstance (0ms)
			ReleaseScriptingObjects (0ms)
			CreateAndSetChildDomain (43ms)
		EndReloadAssembly (1181ms)
			LoadAssemblies (123ms)
			RebuildTransferFunctionScriptingTraits (0ms)
			SetupTypeCache (432ms)
			ReleaseScriptCaches (1ms)
			RebuildScriptCaches (50ms)
			SetupLoadedEditorAssemblies (383ms)
				LogAssemblyErrors (0ms)
				InitializePlatformSupportModulesInManaged (6ms)
				SetLoadedEditorAssemblies (1ms)
				RefreshPlugins (1ms)
				BeforeProcessingInitializeOnLoad (81ms)
				ProcessInitializeOnLoadAttributes (274ms)
				ProcessInitializeOnLoadMethodAttributes (12ms)
				AfterProcessingInitializeOnLoad (8ms)
				EditorAssembliesLoaded (0ms)
			ExecutionOrderSort2 (0ms)
			AwakeInstancesAfterBackupRestoration (21ms)
Platform modules already initialized, skipping
Refreshing native plugins compatible for Editor in 0.62 ms, found 2 plugins.
Preloading 0 native plugins for Editor in 0.00 ms.
Unloading 2823 Unused Serialized files (Serialized files now loaded: 0)
System memory in use before: 149.9 MB.
System memory in use after: 150.1 MB.

Unloading 15 unused Assets to reduce memory usage. Loaded Objects now: 3549.
Total: 4.238400 ms (FindLiveObjects: 0.306800 ms CreateObjectMapping: 0.152900 ms MarkObjects: 3.710400 ms  DeleteObjects: 0.067200 ms)

AssetImportParameters requested are different than current active one (requested -> active):
  custom:framework-win-MediaFoundation: 216162199b28c13a410421893ffa2e32 -> 
  custom:video-decoder-ogg-theora: a1e56fd34408186e4bbccfd4996cb3dc -> 
  custom:container-muxer-webm: aa71ff27fc2769a1b78a27578f13a17b -> 
  custom:container-demuxer-webm: 4f35f7cbe854078d1ac9338744f61a02 -> 
  custom:container-demuxer-ogg: 62fdf1f143b41e24485cea50d1cbac27 -> 
  custom:video-encoder-webm-vp8: eb34c28f22e8b96e1ab97ce403110664 -> 
  custom:video-decoder-webm-vp8: 9c59270c3fd7afecdb556c50c9e8de78 -> 
  custom:audio-decoder-ogg-vorbis: bf7c407c2cedff20999df2af8eb42d56 -> 
  custom:audio-encoder-webm-vorbis: bf7c407c2cedff20999df2af8eb42d56 -> 
========================================================================
Received Prepare
Registering precompiled user dll's ...
Registered in 0.004353 seconds.
Begin MonoManager ReloadAssembly
Native extension for WindowsStandalone target not found
Native extension for WebGL target not found
Refreshing native plugins compatible for Editor in 0.66 ms, found 2 plugins.
Preloading 0 native plugins for Editor in 0.00 ms.
Mono: successfully reloaded assembly
- Completed reload, in  1.306 seconds
Domain Reload Profiling:
	ReloadAssembly (1306ms)
		BeginReloadAssembly (128ms)
			ExecutionOrderSort (0ms)
			DisableScriptedObjects (6ms)
			BackupInstance (0ms)
			ReleaseScriptingObjects (0ms)
			CreateAndSetChildDomain (40ms)
		EndReloadAssembly (1095ms)
			LoadAssemblies (109ms)
			RebuildTransferFunctionScriptingTraits (0ms)
			SetupTypeCache (372ms)
			ReleaseScriptCaches (1ms)
			RebuildScriptCaches (57ms)
			SetupLoadedEditorAssemblies (381ms)
				LogAssemblyErrors (0ms)
				InitializePlatformSupportModulesInManaged (6ms)
				SetLoadedEditorAssemblies (0ms)
				RefreshPlugins (1ms)
				BeforeProcessingInitializeOnLoad (75ms)
				ProcessInitializeOnLoadAttributes (280ms)
				ProcessInitializeOnLoadMethodAttributes (11ms)
				AfterProcessingInitializeOnLoad (8ms)
				EditorAssembliesLoaded (1ms)
			ExecutionOrderSort2 (0ms)
			AwakeInstancesAfterBackupRestoration (23ms)
Platform modules already initialized, skipping
Refreshing native plugins compatible for Editor in 1.08 ms, found 2 plugins.
Preloading 0 native plugins for Editor in 0.00 ms.
Unloading 2823 Unused Serialized files (Serialized files now loaded: 0)
System memory in use before: 149.9 MB.
System memory in use after: 150.1 MB.

Unloading 15 unused Assets to reduce memory usage. Loaded Objects now: 3551.
Total: 5.223700 ms (FindLiveObjects: 0.437500 ms CreateObjectMapping: 0.140300 ms MarkObjects: 4.602600 ms  DeleteObjects: 0.042000 ms)

AssetImportParameters requested are different than current active one (requested -> active):
  custom:framework-win-MediaFoundation: 216162199b28c13a410421893ffa2e32 -> 
  custom:video-decoder-ogg-theora: a1e56fd34408186e4bbccfd4996cb3dc -> 
  custom:container-muxer-webm: aa71ff27fc2769a1b78a27578f13a17b -> 
  custom:container-demuxer-webm: 4f35f7cbe854078d1ac9338744f61a02 -> 
  custom:container-demuxer-ogg: 62fdf1f143b41e24485cea50d1cbac27 -> 
  custom:video-encoder-webm-vp8: eb34c28f22e8b96e1ab97ce403110664 -> 
  custom:video-decoder-webm-vp8: 9c59270c3fd7afecdb556c50c9e8de78 -> 
  custom:audio-decoder-ogg-vorbis: bf7c407c2cedff20999df2af8eb42d56 -> 
  custom:audio-encoder-webm-vorbis: bf7c407c2cedff20999df2af8eb42d56 -> 
========================================================================
Received Import Request.
  Time since last request: 128.072058 seconds.
  path: Assets/Mymodel/swimming.controller
  artifactKey: Guid(2d6406db60d7e8541a548a0b9ec3262e) Importer(815301076,1909f56bfc062723c751e8b465ee728b)
Start importing Assets/Mymodel/swimming.controller using Guid(2d6406db60d7e8541a548a0b9ec3262e) Importer(815301076,1909f56bfc062723c751e8b465ee728b)  -> (artifact id: '316e03340a9296e6d8c9fa074785eb63') in 0.054200 seconds 
  Import took 0.061635 seconds .

========================================================================
Received Import Request.
  Time since last request: 30.600629 seconds.
  path: Assets/Mymodel/Ch43_nonPBR@Flair.fbx
  artifactKey: Guid(64885479ec3453d4e89c2c34f9811dec) Importer(815301076,1909f56bfc062723c751e8b465ee728b)
Start importing Assets/Mymodel/Ch43_nonPBR@Flair.fbx using Guid(64885479ec3453d4e89c2c34f9811dec) Importer(815301076,1909f56bfc062723c751e8b465ee728b)  -> (artifact id: '2ceeb893fa9bbefb9490f00e3c3056bd') in 0.279818 seconds 
  Import took 0.288027 seconds .

========================================================================
Received Import Request.
  Time since last request: 26.298733 seconds.
  path: Assets/Mymodel/New Animator Controller 1.controller
  artifactKey: Guid(697704ccc9c667b449a46b445e4d347e) Importer(815301076,1909f56bfc062723c751e8b465ee728b)
Start importing Assets/Mymodel/New Animator Controller 1.controller using Guid(697704ccc9c667b449a46b445e4d347e) Importer(815301076,1909f56bfc062723c751e8b465ee728b)  -> (artifact id: 'a175d80c122cafc910384dce58c3e568') in 0.009198 seconds 
  Import took 0.018424 seconds .

========================================================================
Received Import Request.
  Time since last request: 10.525901 seconds.
  path: Assets/Mymodel/dance.controller
  artifactKey: Guid(697704ccc9c667b449a46b445e4d347e) Importer(815301076,1909f56bfc062723c751e8b465ee728b)
Start importing Assets/Mymodel/dance.controller using Guid(697704ccc9c667b449a46b445e4d347e) Importer(815301076,1909f56bfc062723c751e8b465ee728b)  -> (artifact id: '83c5eb2020770b620da005fa18287f35') in 0.010370 seconds 
  Import took 0.018570 seconds .

========================================================================
Received Import Request.
  Time since last request: 7.412481 seconds.
  path: Assets/Mymodel/hippop.controller
  artifactKey: Guid(8238ceb6ae667a948820b126f4c61d3e) Importer(815301076,1909f56bfc062723c751e8b465ee728b)
Start importing Assets/Mymodel/hippop.controller using Guid(8238ceb6ae667a948820b126f4c61d3e) Importer(815301076,1909f56bfc062723c751e8b465ee728b)  -> (artifact id: 'a6b06514c65bdb323c74c860d614d9b8') in 0.013927 seconds 
  Import took 0.022094 seconds .

========================================================================
Received Import Request.
  Time since last request: 17.351535 seconds.
  path: Assets/Mymodel/hippop1.controller
  artifactKey: Guid(697704ccc9c667b449a46b445e4d347e) Importer(815301076,1909f56bfc062723c751e8b465ee728b)
Start importing Assets/Mymodel/hippop1.controller using Guid(697704ccc9c667b449a46b445e4d347e) Importer(815301076,1909f56bfc062723c751e8b465ee728b)  -> (artifact id: 'b154d2bcd3fab7312cfaf71d33751e27') in 0.010602 seconds 
  Import took 0.019043 seconds .

========================================================================
Received Import Request.
  Time since last request: 7.861830 seconds.
  path: Assets/Mymodel/dance.controller
  artifactKey: Guid(8238ceb6ae667a948820b126f4c61d3e) Importer(815301076,1909f56bfc062723c751e8b465ee728b)
Start importing Assets/Mymodel/dance.controller using Guid(8238ceb6ae667a948820b126f4c61d3e) Importer(815301076,1909f56bfc062723c751e8b465ee728b)  -> (artifact id: 'c814d2183ceb219705a6b54d1a1d4538') in 0.004371 seconds 
  Import took 0.012017 seconds .

========================================================================
Received Import Request.
  Time since last request: 22.235165 seconds.
  path: Assets/Mymodel/Ch43_nonPBR@Flair.fbx
  artifactKey: Guid(64885479ec3453d4e89c2c34f9811dec) Importer(815301076,1909f56bfc062723c751e8b465ee728b)
Start importing Assets/Mymodel/Ch43_nonPBR@Flair.fbx using Guid(64885479ec3453d4e89c2c34f9811dec) Importer(815301076,1909f56bfc062723c751e8b465ee728b)  -> (artifact id: '955678914ec72f8aa1332b5cc34c5ae0') in 0.098255 seconds 
  Import took 0.105837 seconds .

========================================================================
Received Prepare
Registering precompiled user dll's ...
Registered in 0.004240 seconds.
Begin MonoManager ReloadAssembly
Native extension for WindowsStandalone target not found
Native extension for WebGL target not found
Refreshing native plugins compatible for Editor in 0.63 ms, found 2 plugins.
Preloading 0 native plugins for Editor in 0.00 ms.
Mono: successfully reloaded assembly
- Completed reload, in  1.329 seconds
Domain Reload Profiling:
	ReloadAssembly (1329ms)
		BeginReloadAssembly (143ms)
			ExecutionOrderSort (0ms)
			DisableScriptedObjects (9ms)
			BackupInstance (0ms)
			ReleaseScriptingObjects (0ms)
			CreateAndSetChildDomain (49ms)
		EndReloadAssembly (1101ms)
			LoadAssemblies (110ms)
			RebuildTransferFunctionScriptingTraits (0ms)
			SetupTypeCache (398ms)
			ReleaseScriptCaches (1ms)
			RebuildScriptCaches (49ms)
			SetupLoadedEditorAssemblies (366ms)
				LogAssemblyErrors (0ms)
				InitializePlatformSupportModulesInManaged (5ms)
				SetLoadedEditorAssemblies (1ms)
				RefreshPlugins (1ms)
				BeforeProcessingInitializeOnLoad (76ms)
				ProcessInitializeOnLoadAttributes (249ms)
				ProcessInitializeOnLoadMethodAttributes (12ms)
				AfterProcessingInitializeOnLoad (23ms)
				EditorAssembliesLoaded (1ms)
			ExecutionOrderSort2 (0ms)
			AwakeInstancesAfterBackupRestoration (33ms)
Platform modules already initialized, skipping
Refreshing native plugins compatible for Editor in 0.59 ms, found 2 plugins.
Preloading 0 native plugins for Editor in 0.00 ms.
Unloading 2823 Unused Serialized files (Serialized files now loaded: 0)
System memory in use before: 150.0 MB.
System memory in use after: 150.3 MB.

Unloading 15 unused Assets to reduce memory usage. Loaded Objects now: 3589.
Total: 6.894700 ms (FindLiveObjects: 0.522600 ms CreateObjectMapping: 0.185700 ms MarkObjects: 6.127100 ms  DeleteObjects: 0.058100 ms)

AssetImportParameters requested are different than current active one (requested -> active):
  custom:framework-win-MediaFoundation: 216162199b28c13a410421893ffa2e32 -> 
  custom:video-decoder-ogg-theora: a1e56fd34408186e4bbccfd4996cb3dc -> 
  custom:container-muxer-webm: aa71ff27fc2769a1b78a27578f13a17b -> 
  custom:container-demuxer-webm: 4f35f7cbe854078d1ac9338744f61a02 -> 
  custom:container-demuxer-ogg: 62fdf1f143b41e24485cea50d1cbac27 -> 
  custom:video-encoder-webm-vp8: eb34c28f22e8b96e1ab97ce403110664 -> 
  custom:video-decoder-webm-vp8: 9c59270c3fd7afecdb556c50c9e8de78 -> 
  custom:audio-decoder-ogg-vorbis: bf7c407c2cedff20999df2af8eb42d56 -> 
  custom:audio-encoder-webm-vorbis: bf7c407c2cedff20999df2af8eb42d56 -> 
AssetImportWorkerClient::OnTransportError - code=2 error=End of file
